  game_manager.cpp
  glut_callback_handlers.cpp
  main.cpp
  material.cpp
  mesh.cpp
C:\Users\maste\source\repos\GP-Assessment-1\src\mesh.cpp(165,23): warning C4018: '>=': signed/unsigned mismatch
  multi_game.cpp
  museum_game.cpp
  object.cpp
  point_generator.cpp
  scene_manager.cpp
  space_game.cpp
  texture.cpp
C:\Users\maste\source\repos\GP-Assessment-1\src\texture.cpp(103,20): warning C4018: '<': signed/unsigned mismatch
  Generating code
  129 of 619 functions (20.8%) were compiled, the rest were copied from previous compilation.
    0 functions were new in current compilation
    1 functions had inline decision re-evaluated but remain unchanged
  Finished generating code
  GP-Assessment-1.vcxproj -> C:\Users\maste\source\repos\GP-Assessment-1\Release\GP-Assessment-1.exe
